<?xml version="1.0" encoding="UTF-8"?>
<!-- Generated by org.testng.reporters.JUnitReportReporter -->
<testsuite hostname="shahe-alam" failures="0" tests="1" name="automation.Home_page" time="5.773" errors="0" timestamp="2025-10-03T22:52:07 IST" skipped="0">
  <testcase classname="automation.Home_page" name="check" time="5.773"/>
</testsuite> <!-- automation.Home_page -->
