<?xml version="1.0" encoding="UTF-8"?>
<!-- Generated by org.testng.reporters.JUnitReportReporter -->
<testsuite hostname="shahe-alam" failures="0" tests="1" name="automation.Testcases" time="0.645" errors="0" timestamp="2025-10-03T18:07:52 IST" skipped="0">
  <testcase classname="automation.Testcases" name="automateWebTable" time="0.645"/>
</testsuite> <!-- automation.Testcases -->
